
> frontend@0.1.0 dev
> next dev -p 15022 -p 15022

   ▲ Next.js 15.2.4
   - Local:        http://localhost:15022
   - Network:      http://192.168.10.205:15022
   - Environments: .env.local

 ✓ Starting...
 ✓ Ready in 2.8s
 ○ Compiling / ...
 ✓ Compiled / in 6.8s (1583 modules)
 GET / 200 in 7577ms
 ✓ Compiled in 916ms (740 modules)
 ✓ Compiled in 1262ms (740 modules)
 ✓ Compiled in 386ms (740 modules)
 ○ Compiling /admin/orders ...
 ✓ Compiled /admin/orders in 5s (3369 modules)
 GET /admin/orders 200 in 5420ms
 ⚠ Cross origin request detected from 116.124.191.174 to /_next/* resource. In a future major version of Next.js, you will need to explicitly configure "allowedDevOrigins" in next.config to allow this.
Read more: https://nextjs.org/docs/app/api-reference/config/next-config-js/allowedDevOrigins
 ✓ Compiled /favicon.ico in 413ms (1757 modules)
 GET /favicon.ico 200 in 750ms
 ✓ Compiled in 2.1s (3383 modules)
 GET /admin/orders 200 in 170ms
 ✓ Compiled /favicon.ico in 251ms (1757 modules)
 GET /favicon.ico 200 in 577ms
 ✓ Compiled in 806ms (3399 modules)
 GET /admin/orders 200 in 99ms
 GET /favicon.ico 200 in 220ms
 ✓ Compiled in 2.3s (3383 modules)
 GET /admin/orders 200 in 158ms
 ✓ Compiled in 743ms (3383 modules)
 GET /admin/orders 200 in 86ms
 GET /admin/orders 200 in 261ms
 ✓ Compiled /favicon.ico in 230ms (1757 modules)
 GET /favicon.ico 200 in 524ms
 ✓ Compiled in 2.1s (3383 modules)
 GET /admin/orders 200 in 173ms
 ✓ Compiled /favicon.ico in 269ms (1757 modules)
 GET /favicon.ico 200 in 586ms
 ✓ Compiled in 845ms (3399 modules)
 GET /admin/orders 200 in 138ms
 GET /favicon.ico 200 in 219ms
 ○ Compiling /admin ...
 ✓ Compiled /admin in 2.9s (3400 modules)
 GET /admin/orders 200 in 1951ms
 GET /admin 200 in 23ms
 GET /admin 200 in 46ms
 GET /favicon.ico 200 in 158ms
 GET /favicon.ico 200 in 222ms
 ○ Compiling /admin/menus ...
 ✓ Compiled /admin/menus in 2.2s (3475 modules)
 GET /admin/menus 200 in 2316ms
 GET /admin/orders 200 in 29ms
 GET /admin/orders 200 in 300ms
 GET /favicon.ico 200 in 236ms
 ✓ Compiled in 1965ms (3473 modules)
 GET /admin/orders 200 in 176ms
 ✓ Compiled /favicon.ico in 386ms (1805 modules)
 GET /favicon.ico 200 in 701ms
 ✓ Compiled in 832ms (3489 modules)
 GET /admin/orders 200 in 129ms
 GET /favicon.ico 200 in 223ms
 ✓ Compiled in 878ms (3489 modules)
 GET /admin/orders 200 in 79ms
 ✓ Compiled in 814ms (3489 modules)
 GET /admin/orders 200 in 53ms
 ✓ Compiled in 1014ms (3489 modules)
 GET /admin/orders 200 in 52ms
 ✓ Compiled in 727ms (3489 modules)
 GET /admin/orders 200 in 52ms
 ✓ Compiled in 784ms (3489 modules)
 GET /admin/orders 200 in 50ms
 ✓ Compiled in 1053ms (3473 modules)
 GET /admin/orders 200 in 158ms
 ✓ Compiled in 836ms (3473 modules)
 GET /admin/orders 200 in 56ms
 ✓ Compiled in 707ms (3473 modules)
 GET /admin/orders 200 in 54ms
 ✓ Compiled in 792ms (3473 modules)
 GET /admin/orders 200 in 66ms
 ✓ Compiled in 712ms (3473 modules)
 GET /admin/orders 200 in 65ms
 GET /admin/orders 200 in 248ms
 ○ Compiling /favicon.ico ...
 ✓ Compiled /favicon.ico in 1592ms (1805 modules)
 GET /favicon.ico 200 in 1897ms
 ✓ Compiled in 1728ms (3473 modules)
 GET /admin/orders 200 in 148ms
 ✓ Compiled /favicon.ico in 330ms (1805 modules)
 GET /favicon.ico 200 in 638ms
 ✓ Compiled in 880ms (3489 modules)
 GET /admin/orders 200 in 97ms
 GET /favicon.ico 200 in 222ms
 ✓ Compiled in 791ms (3489 modules)
 GET /admin/orders 200 in 84ms
 ✓ Compiled in 1364ms (3489 modules)
 GET /admin/orders 200 in 69ms
 ✓ Compiled in 758ms (3489 modules)
 GET /admin/orders 200 in 52ms
 ✓ Compiled in 1028ms (3489 modules)
 GET /admin/orders 200 in 78ms
 ✓ Compiled in 713ms (3489 modules)
 GET /admin/orders 200 in 53ms
 ✓ Compiled in 893ms (3489 modules)
 GET /admin/orders 200 in 59ms
 ✓ Compiled in 713ms (3489 modules)
 GET /admin/orders 200 in 80ms
 ✓ Compiled in 793ms (3473 modules)
 GET /admin/orders 200 in 126ms
 ✓ Compiled in 800ms (3473 modules)
 GET /admin/orders 200 in 66ms
 ✓ Compiled in 1812ms (3473 modules)
 GET /admin/orders 200 in 101ms
 ✓ Compiled in 792ms (3473 modules)
 GET /admin/orders 200 in 88ms
 ✓ Compiled in 865ms (3473 modules)
 GET /admin/orders 200 in 60ms
 ✓ Compiled in 775ms (3473 modules)
 GET /admin/orders 200 in 63ms
 ✓ Compiled in 1311ms (3473 modules)
 GET /admin/orders 200 in 57ms
 ✓ Compiled in 803ms (3473 modules)
 GET /admin/orders 200 in 69ms
 ✓ Compiled in 844ms (3473 modules)
 GET /admin/orders 200 in 62ms
 ✓ Compiled in 759ms (3473 modules)
 GET /admin/orders 200 in 63ms
 GET /admin/orders 200 in 261ms
 ○ Compiling /favicon.ico ...
 ✓ Compiled /favicon.ico in 1155ms (1805 modules)
 GET /favicon.ico 200 in 1456ms
 ✓ Compiled in 2.4s (3473 modules)
 GET /admin/orders 200 in 133ms
 ✓ Compiled /favicon.ico in 340ms (1805 modules)
 GET /favicon.ico 200 in 652ms
 ✓ Compiled in 912ms (3489 modules)
 GET /admin/orders 200 in 101ms
 GET /favicon.ico 200 in 221ms
 GET /admin/orders 200 in 285ms
 GET /favicon.ico 200 in 211ms
 ✓ Compiled in 1972ms (3473 modules)
 GET /admin/orders 200 in 130ms
 ✓ Compiled /favicon.ico in 333ms (1805 modules)
 GET /favicon.ico 200 in 637ms
 ✓ Compiled in 792ms (3489 modules)
 GET /admin/orders 200 in 88ms
 GET /favicon.ico 200 in 219ms
 ✓ Compiled in 990ms (3489 modules)
 GET /admin/orders 200 in 93ms
 ✓ Compiled in 751ms (3489 modules)
 GET /admin/orders 200 in 50ms
 ✓ Compiled in 1015ms (3489 modules)
 GET /admin/orders 200 in 54ms
 ✓ Compiled in 694ms (3489 modules)
 GET /admin/orders 200 in 61ms
 ✓ Compiled in 812ms (3473 modules)
 GET /admin/orders 200 in 124ms
 ✓ Compiled in 705ms (3473 modules)
 GET /admin/orders 200 in 66ms
 ✓ Compiled in 1053ms (3473 modules)
 GET /admin/orders 200 in 62ms
 ✓ Compiled in 713ms (3473 modules)
 GET /admin/orders 200 in 59ms
 ✓ Compiled in 807ms (3473 modules)
 ⚠ Fast Refresh had to perform a full reload due to a runtime error.
 GET /admin/orders 200 in 280ms
 ○ Compiling /favicon.ico ...
 ✓ Compiled /favicon.ico in 1660ms (1805 modules)
 GET /favicon.ico 200 in 1975ms
 ✓ Compiled in 776ms (3489 modules)
 ⚠ Fast Refresh had to perform a full reload due to a runtime error.
 GET /admin/orders 200 in 297ms
 ✓ Compiled in 820ms (3489 modules)
 GET /favicon.ico 200 in 247ms
 GET /admin/orders 200 in 210ms
 ✓ Compiled in 728ms (3489 modules)
 ✓ Compiled in 913ms (3489 modules)
 GET /admin/orders 200 in 60ms
 ✓ Compiled in 716ms (3489 modules)
 GET /admin/orders 200 in 62ms
 ✓ Compiled in 825ms (3489 modules)
 GET /admin/orders 200 in 57ms
 ✓ Compiled in 756ms (3489 modules)
 GET /admin/orders 200 in 53ms
 GET /admin/orders 200 in 139ms
 GET /favicon.ico 200 in 391ms
 ✓ Compiled in 2.1s (3473 modules)
 GET /admin/orders 200 in 132ms
 ✓ Compiled /favicon.ico in 336ms (1805 modules)
 GET /favicon.ico 200 in 643ms
 ✓ Compiled in 901ms (3489 modules)
 GET /admin/orders 200 in 135ms
 GET /favicon.ico 200 in 219ms
 ✓ Compiled in 928ms (3489 modules)
 GET /admin/orders 200 in 72ms
 ✓ Compiled in 795ms (3489 modules)
 GET /admin/orders 200 in 58ms
 ✓ Compiled in 1066ms (3489 modules)
 GET /admin/orders 200 in 75ms
 ✓ Compiled in 924ms (3489 modules)
 GET /admin/orders 200 in 58ms
 ✓ Compiled in 1860ms (3473 modules)
 GET /admin/orders 200 in 131ms
 ✓ Compiled in 861ms (3473 modules)
 GET /admin/orders 200 in 98ms
 ✓ Compiled in 1057ms (3473 modules)
 GET /admin/orders 200 in 57ms
 ✓ Compiled in 765ms (3473 modules)
 GET /admin/orders 200 in 106ms
 ✓ Compiled in 783ms (3473 modules)
 GET /admin/orders 200 in 53ms
 ✓ Compiled in 873ms (3473 modules)
 GET /admin/orders 200 in 50ms
 ✓ Compiled in 832ms (3473 modules)
 GET /admin/orders 200 in 65ms
 ✓ Compiled in 1130ms (3473 modules)
 GET /admin/orders 200 in 54ms
 ○ Compiling / ...
 ✓ Compiled / in 2.1s (1798 modules)
 GET /?fbclid=PAZXh0bgNhZW0CMTEAAafH1RODZ4Mnz0kKS8p7lQ1IB6Kh5FeRxmQnHnUtSyQtgkTPvns79BlR_KfmdQ_aem__j6YSaZj8RM_eGFRWTBqxA 200 in 2360ms
 ○ Compiling /menu ...
 ✓ Compiled /menu in 1936ms (3495 modules)
 GET /menu 200 in 2037ms
 ○ Compiling /checkout ...
 ✓ Compiled /checkout in 1475ms (3506 modules)
 GET /checkout 200 in 1548ms
 GET /admin 200 in 265ms
 GET /menu 200 in 143ms
 ○ Compiling /_not-found ...
 ✓ Compiled /_not-found in 4.1s (3517 modules)
 GET /apple-touch-icon.png 404 in 4498ms
 GET /apple-touch-icon-precomposed.png 404 in 4507ms
 GET /favicon.ico 200 in 3973ms
 GET /favicon.ico 200 in 4749ms
 GET /apple-touch-icon-precomposed.png 404 in 113ms
 GET /apple-touch-icon.png 404 in 118ms
 GET /apple-touch-icon-precomposed.png 404 in 85ms
 GET /apple-touch-icon.png 404 in 44ms
 ○ Compiling / ...
 ✓ Compiled / in 948ms (1820 modules)
 GET / 200 in 1322ms
 GET /admin 200 in 61ms
 GET /admin/menus 200 in 40ms
 GET /admin/orders 200 in 26ms
 GET / 200 in 23ms
 GET /menu 200 in 39ms
 GET /checkout 200 in 40ms
 GET /checkout 200 in 99ms
 GET / 200 in 78ms
 GET /admin 200 in 72ms
 GET /admin 200 in 82ms
 ○ Compiling /favicon.ico ...
 ✓ Compiled /favicon.ico in 1931ms (1836 modules)
 GET /admin/menus 200 in 2462ms
 GET /admin/menus 200 in 22ms
 GET /favicon.ico 200 in 2604ms
 GET /admin/orders 200 in 27ms
 GET /admin/orders 200 in 47ms
 GET /admin 200 in 210ms
 GET /admin 200 in 48ms
 GET /admin/menus 200 in 17ms
 GET /admin/orders 200 in 18ms
 ✓ Compiled in 2.5s (3505 modules)
 GET /admin/orders 200 in 151ms
 ✓ Compiled in 987ms (3505 modules)
 GET /admin/orders 200 in 101ms
 ✓ Compiled in 1210ms (3505 modules)
 GET /admin/orders 200 in 64ms
 ✓ Compiled in 840ms (3505 modules)
 GET /admin/orders 200 in 62ms
 ✓ Compiled in 1664ms (3505 modules)
 GET /admin/orders 200 in 64ms
 ✓ Compiled in 805ms (3505 modules)
 GET /admin/orders 200 in 61ms
 GET /admin/orders 200 in 288ms
 ○ Compiling /favicon.ico ...
 ✓ Compiled /favicon.ico in 1057ms (1821 modules)
 GET /favicon.ico 200 in 1361ms
 ✓ Compiled in 2s (3505 modules)
 GET /admin/orders 200 in 143ms
 ✓ Compiled /favicon.ico in 348ms (1821 modules)
 GET /favicon.ico 200 in 661ms
 ✓ Compiled in 850ms (3521 modules)
 GET /admin/orders 200 in 98ms
 GET /favicon.ico 200 in 228ms
 ✓ Compiled in 842ms (3521 modules)
 GET /admin/orders 200 in 85ms
 ✓ Compiled in 2.6s (3505 modules)
 GET /admin/orders 200 in 150ms
 ✓ Compiled in 1022ms (3505 modules)
 GET /admin/orders 200 in 89ms
 ✓ Compiled in 1863ms (3505 modules)
 GET /admin/orders 200 in 82ms
 ✓ Compiled in 1034ms (3505 modules)
 GET /admin/orders 200 in 74ms
 ✓ Compiled in 782ms (3505 modules)
 GET /admin/orders 200 in 54ms
 ✓ Compiled in 931ms (3505 modules)
 GET /admin/orders 200 in 53ms
 GET /admin/orders 200 in 260ms
 ○ Compiling /favicon.ico ...
 ✓ Compiled /favicon.ico in 2.4s (1821 modules)
 GET /favicon.ico 200 in 2663ms
 GET /admin/orders 200 in 327ms
 GET /favicon.ico 200 in 240ms
 GET /?fbclid=PAZXh0bgNhZW0CMTEAAadhCSJWediOIdzpDR4c4kFhlmv6lyXlXSXhLyJUPxRyaDUFcKHEHM44hehv8g_aem_3VQWlT0JMU9KKEDR6huEhA 200 in 66ms
 ○ Compiling /menu ...
 ✓ Compiled /menu in 3s (1836 modules)
 GET /menu 200 in 3148ms
 GET /menu 200 in 988ms
 GET /checkout 200 in 25ms
 ○ Compiling /payments/success ...
 ✓ Compiled /payments/success in 3.8s (3531 modules)
 GET /payments/success?order_id=181&tid=&pg_token=7c596667a31a23aa5ad3 200 in 4141ms
 ○ Compiling /api/payment/kakao/complete ...
 ✓ Compiled /api/payment/kakao/complete in 1043ms (3534 modules)
 POST /api/payment/kakao/complete 200 in 1379ms
 GET / 200 in 71ms
 GET / 200 in 27ms
 GET /menu 200 in 36ms
 ✓ Compiled in 4.4s (3482 modules)
 GET /menu 200 in 148ms
